INFO:werkzeug:[31m[1mWARNING: This is a development server. Do not use it in a production deployment. Use a production WSGI server instead.[0m
 * Running on http://127.0.0.1:5000
INFO:werkzeug:[33mPress CTRL+C to quit[0m
INFO:werkzeug:127.0.0.1 - - [27/May/2023 17:58:31] "GET /api/posts/4 HTTP/1.1" 200 -
INFO:werkzeug:127.0.0.1 - - [27/May/2023 17:58:33] "GET /api/posts HTTP/1.1" 200 -
2023-05-27 18:31:33,584 [INFO] Это сообщение уровня INFO
2023-05-27 18:31:35,277 [INFO] Это сообщение уровня INFO
2023-05-27 18:32:20,913 [INFO] Р­С‚Рѕ СЃРѕРѕР±С‰РµРЅРёРµ СѓСЂРѕРІРЅСЏ INFO
2023-05-27 18:32:28,205 [INFO] Р­С‚Рѕ СЃРѕРѕР±С‰РµРЅРёРµ СѓСЂРѕРІРЅСЏ INFO
2023-05-27 18:32:29,676 [INFO] Р­С‚Рѕ СЃРѕРѕР±С‰РµРЅРёРµ СѓСЂРѕРІРЅСЏ INFO
2023-05-27 18:32:31,864 [INFO] Р­С‚Рѕ СЃРѕРѕР±С‰РµРЅРёРµ СѓСЂРѕРІРЅСЏ INFO
2023-05-27 18:33:02,232 [INFO] Р—Р°РїСЂРѕСЃ
2023-05-27 18:33:03,465 [INFO] Р—Р°РїСЂРѕСЃ
2023-05-27 18:34:59,913 [INFO] Р—Р°РїСЂРѕСЃ /api/posts
2023-05-27 18:35:04,266 [INFO] Р—Р°РїСЂРѕСЃ/api/posts/<int:post_id>
2023-05-27 18:36:01,054 [INFO] Р—Р°РїСЂРѕСЃ/api/posts/<int:post_id>
2023-05-27 18:41:27,752 [INFO] Р—Р°РїСЂРѕСЃ/api/posts/4
2023-05-27 18:41:36,487 [INFO] Р—Р°РїСЂРѕСЃ/api/posts/5
2023-05-28 09:18:30,140 [INFO] Р—Р°РїСЂРѕСЃ/api/posts/1
2023-05-28 13:51:48,647 [INFO] Р—Р°РїСЂРѕСЃ /api/posts
2023-05-28 13:52:03,742 [INFO] Р—Р°РїСЂРѕСЃ /api/posts
2023-05-28 13:52:19,581 [INFO] Р—Р°РїСЂРѕСЃ /api/posts
2023-05-28 13:55:32,447 [INFO] Р—Р°РїСЂРѕСЃ /api/posts
2023-05-28 13:56:51,091 [INFO] Р—Р°РїСЂРѕСЃ /api/posts
2023-05-28 13:57:03,962 [INFO] Р—Р°РїСЂРѕСЃ /api/posts
2023-05-28 13:57:30,168 [INFO] Р—Р°РїСЂРѕСЃ /api/posts
2023-05-28 14:47:55,974 [INFO] Р—Р°РїСЂРѕСЃ /api/posts
2023-05-28 14:57:54,015 [INFO] Р—Р°РїСЂРѕСЃ /api/posts
2023-05-28 15:02:26,143 [INFO] Р—Р°РїСЂРѕСЃ /api/posts
2023-05-28 15:02:37,964 [INFO] Р—Р°РїСЂРѕСЃ /api/posts
2023-05-28 15:02:57,107 [INFO] Р—Р°РїСЂРѕСЃ /api/posts
2023-05-28 15:02:57,114 [INFO] Р—Р°РїСЂРѕСЃ/api/posts/4
2023-05-28 15:03:25,905 [INFO] Р—Р°РїСЂРѕСЃ /api/posts
2023-05-28 15:03:25,911 [INFO] Р—Р°РїСЂРѕСЃ/api/posts/4
2023-05-28 15:54:17,059 [INFO] Р—Р°РїСЂРѕСЃ /api/posts
2023-05-28 15:54:17,182 [INFO] Р—Р°РїСЂРѕСЃ/api/posts/4
2023-05-28 15:54:49,874 [INFO] Р—Р°РїСЂРѕСЃ /api/posts
2023-05-28 15:54:49,996 [INFO] Р—Р°РїСЂРѕСЃ/api/posts/4
2023-05-28 15:55:20,520 [INFO] Р—Р°РїСЂРѕСЃ /api/posts
2023-05-28 15:55:20,640 [INFO] Р—Р°РїСЂРѕСЃ/api/posts/4
2023-05-28 15:56:15,038 [INFO] Р—Р°РїСЂРѕСЃ /api/posts
2023-05-28 15:56:15,161 [INFO] Р—Р°РїСЂРѕСЃ/api/posts/4
2023-05-28 15:57:15,926 [INFO] Р—Р°РїСЂРѕСЃ /api/posts
2023-05-28 15:57:16,047 [INFO] Р—Р°РїСЂРѕСЃ/api/posts/4
2023-05-28 16:00:05,996 [INFO] Р—Р°РїСЂРѕСЃ /api/posts
2023-05-28 16:00:06,119 [INFO] Р—Р°РїСЂРѕСЃ/api/posts/4
2023-05-28 16:02:11,299 [INFO] Р—Р°РїСЂРѕСЃ/api/posts/4
2023-05-28 16:02:35,533 [INFO] Р—Р°РїСЂРѕСЃ /api/posts
2023-05-28 16:02:35,540 [INFO] Р—Р°РїСЂРѕСЃ/api/posts/4
2023-05-28 16:03:14,307 [INFO] Р—Р°РїСЂРѕСЃ/api/posts/1
2023-05-28 16:03:16,703 [INFO] Р—Р°РїСЂРѕСЃ /api/posts
2023-05-28 16:03:20,396 [INFO] Р—Р°РїСЂРѕСЃ/api/posts/25
2023-05-28 16:03:27,712 [INFO] Р—Р°РїСЂРѕСЃ/api/posts/2
2023-05-28 16:10:18,717 [INFO] Р—Р°РїСЂРѕСЃ /api/posts
2023-05-28 16:10:18,724 [INFO] Р—Р°РїСЂРѕСЃ/api/posts/4
2023-05-28 16:14:41,143 [INFO] Р—Р°РїСЂРѕСЃ /api/posts
2023-05-28 16:14:41,151 [INFO] Р—Р°РїСЂРѕСЃ/api/posts/4
2023-05-28 16:55:34,104 [INFO] Р—Р°РїСЂРѕСЃ /api/posts
2023-05-28 16:55:34,111 [INFO] Р—Р°РїСЂРѕСЃ/api/posts/4
2023-05-28 16:55:38,967 [INFO] Р—Р°РїСЂРѕСЃ /api/posts
2023-05-28 16:55:38,974 [INFO] Р—Р°РїСЂРѕСЃ/api/posts/4
